{"level":"info","message":"Server running on port 3001","timestamp":"2025-08-04T00:09:53.085Z"}
{"level":"info","message":"LaunchDarkly client initialized successfully","timestamp":"2025-08-04T00:09:53.088Z"}
{"level":"info","message":"Setting up development proxy to React dev server","timestamp":"2025-08-04T00:11:45.139Z"}
{"level":"info","message":"Server running on port 3001","timestamp":"2025-08-04T00:11:45.521Z"}
{"level":"info","message":"LaunchDarkly client initialized successfully","timestamp":"2025-08-04T00:11:45.522Z"}
{"level":"info","message":"Development proxy enabled - forwarding frontend requests to React dev server","timestamp":"2025-08-04T00:11:45.522Z"}
{"level":"info","message":"Setting up development proxy to React dev server","timestamp":"2025-08-04T00:31:00.142Z"}
{"level":"info","message":"Server running on port 3001","timestamp":"2025-08-04T00:31:02.172Z"}
{"level":"info","message":"LaunchDarkly client initialized successfully","timestamp":"2025-08-04T00:31:02.173Z"}
{"level":"info","message":"Development proxy enabled - forwarding frontend requests to React dev server","timestamp":"2025-08-04T00:31:02.174Z"}
{"level":"info","message":"SIGTERM received. Shutting down...","timestamp":"2025-08-04T00:35:42.726Z"}
{"level":"info","message":"Setting up development proxy to React dev server","timestamp":"2025-08-04T00:35:43.773Z"}
{"level":"info","message":"Server running on port 3001","timestamp":"2025-08-04T00:35:44.997Z"}
{"level":"info","message":"LaunchDarkly client initialized successfully","timestamp":"2025-08-04T00:35:44.998Z"}
{"level":"info","message":"Development proxy enabled - forwarding frontend requests to React dev server","timestamp":"2025-08-04T00:35:44.998Z"}
{"level":"info","message":"SIGTERM received. Shutting down...","timestamp":"2025-08-04T00:35:47.699Z"}
{"level":"info","message":"Setting up development proxy to React dev server","timestamp":"2025-08-04T00:35:48.521Z"}
{"level":"info","message":"Server running on port 3001","timestamp":"2025-08-04T00:35:50.052Z"}
{"level":"info","message":"LaunchDarkly client initialized successfully","timestamp":"2025-08-04T00:35:50.053Z"}
{"level":"info","message":"Development proxy enabled - forwarding frontend requests to React dev server","timestamp":"2025-08-04T00:35:50.053Z"}
{"level":"info","message":"Setting up development proxy to React dev server","timestamp":"2025-08-04T00:38:13.357Z"}
{"level":"info","message":"Server running on port 3001","timestamp":"2025-08-04T00:38:15.074Z"}
{"level":"info","message":"LaunchDarkly client initialized successfully","timestamp":"2025-08-04T00:38:15.075Z"}
{"level":"info","message":"Development proxy enabled - forwarding frontend requests to React dev server","timestamp":"2025-08-04T00:38:15.076Z"}
{"level":"info","message":"SIGTERM received. Shutting down...","timestamp":"2025-08-04T00:41:09.750Z"}
{"level":"info","message":"Setting up development proxy to React dev server","timestamp":"2025-08-04T00:41:10.579Z"}
{"level":"info","message":"Server running on port 3001","timestamp":"2025-08-04T00:41:11.873Z"}
{"level":"info","message":"LaunchDarkly client initialized successfully","timestamp":"2025-08-04T00:41:11.873Z"}
{"level":"info","message":"Development proxy enabled - forwarding frontend requests to React dev server","timestamp":"2025-08-04T00:41:11.874Z"}
{"level":"info","message":"Setting up development proxy to React dev server","timestamp":"2025-08-04T00:43:11.235Z"}
{"level":"info","message":"Server running on port 3001","timestamp":"2025-08-04T00:43:13.094Z"}
{"level":"info","message":"LaunchDarkly client initialized successfully","timestamp":"2025-08-04T00:43:13.096Z"}
{"level":"info","message":"Development proxy enabled - forwarding frontend requests to React dev server","timestamp":"2025-08-04T00:43:13.097Z"}
{"level":"info","message":"SIGTERM received. Shutting down...","timestamp":"2025-08-04T00:46:03.400Z"}
{"level":"info","message":"Initializing LaunchDarkly client...","timestamp":"2025-08-04T00:46:04.371Z"}
{"level":"info","message":"Setting up development proxy to React dev server","timestamp":"2025-08-04T00:46:04.365Z"}
{"level":"warn","message":"Ignoring unknown config option \"logLevel\"","timestamp":"2025-08-04T00:46:04.381Z"}
{"level":"warn","message":"The waitForInitialization function was called without a timeout specified. In a future version a default timeout will be applied.","timestamp":"2025-08-04T00:46:04.457Z"}
{"level":"info","message":"Opened LaunchDarkly stream connection","timestamp":"2025-08-04T00:46:04.829Z"}
{"level":"info","message":"Server running on port 3001","timestamp":"2025-08-04T00:46:04.848Z"}
{"level":"info","message":"LaunchDarkly client initialized successfully","timestamp":"2025-08-04T00:46:04.848Z"}
{"level":"info","message":"Development proxy enabled - forwarding frontend requests to React dev server","timestamp":"2025-08-04T00:46:04.849Z"}
{"environment":"development","level":"info","message":"LaunchDarkly client initialized successfully","serviceVersion":"5c967560899da386f389fbe94a73e82fe79b4989","timestamp":"2025-08-04T00:46:04.844Z"}
{"level":"info","message":"SIGTERM received. Shutting down...","timestamp":"2025-08-04T00:46:25.140Z"}
{"level":"info","message":"Closing LaunchDarkly client...","timestamp":"2025-08-04T00:46:25.141Z"}
{"level":"info","message":"Initializing LaunchDarkly client...","timestamp":"2025-08-04T00:46:26.101Z"}
{"level":"info","message":"Setting up development proxy to React dev server","timestamp":"2025-08-04T00:46:26.095Z"}
{"level":"warn","message":"Ignoring unknown config option \"logLevel\"","timestamp":"2025-08-04T00:46:26.111Z"}
{"level":"warn","message":"The waitForInitialization function was called without a timeout specified. In a future version a default timeout will be applied.","timestamp":"2025-08-04T00:46:26.185Z"}
{"level":"info","message":"Opened LaunchDarkly stream connection","timestamp":"2025-08-04T00:46:26.555Z"}
{"level":"info","message":"Server running on port 3001","timestamp":"2025-08-04T00:46:26.568Z"}
{"environment":"development","level":"info","message":"LaunchDarkly client initialized successfully","serviceVersion":"5c967560899da386f389fbe94a73e82fe79b4989","timestamp":"2025-08-04T00:46:26.565Z"}
{"level":"info","message":"LaunchDarkly client initialized successfully","timestamp":"2025-08-04T00:46:26.568Z"}
{"level":"info","message":"Development proxy enabled - forwarding frontend requests to React dev server","timestamp":"2025-08-04T00:46:26.569Z"}
{"level":"info","message":"SIGTERM received. Shutting down...","timestamp":"2025-08-04T00:46:33.140Z"}
{"level":"info","message":"Closing LaunchDarkly client...","timestamp":"2025-08-04T00:46:33.142Z"}
{"level":"info","message":"Initializing LaunchDarkly client...","timestamp":"2025-08-04T00:46:34.022Z"}
{"level":"info","message":"Setting up development proxy to React dev server","timestamp":"2025-08-04T00:46:34.017Z"}
{"level":"warn","message":"Ignoring unknown config option \"logLevel\"","timestamp":"2025-08-04T00:46:34.033Z"}
{"level":"warn","message":"The waitForInitialization function was called without a timeout specified. In a future version a default timeout will be applied.","timestamp":"2025-08-04T00:46:34.100Z"}
{"level":"info","message":"Opened LaunchDarkly stream connection","timestamp":"2025-08-04T00:46:34.472Z"}
{"level":"info","message":"Server running on port 3001","timestamp":"2025-08-04T00:46:34.485Z"}
{"environment":"development","level":"info","message":"LaunchDarkly client initialized successfully","serviceVersion":"201358d0e221cace3593c28da1df8058f3de391e","timestamp":"2025-08-04T00:46:34.482Z"}
{"level":"info","message":"LaunchDarkly client initialized successfully","timestamp":"2025-08-04T00:46:34.485Z"}
{"level":"info","message":"Development proxy enabled - forwarding frontend requests to React dev server","timestamp":"2025-08-04T00:46:34.485Z"}
{"level":"info","message":"SIGTERM received. Shutting down...","timestamp":"2025-08-04T00:46:38.834Z"}
{"level":"info","message":"Closing LaunchDarkly client...","timestamp":"2025-08-04T00:46:38.834Z"}
{"level":"info","message":"Initializing LaunchDarkly client...","timestamp":"2025-08-04T00:46:39.711Z"}
{"level":"info","message":"Setting up development proxy to React dev server","timestamp":"2025-08-04T00:46:39.707Z"}
{"level":"warn","message":"Ignoring unknown config option \"logLevel\"","timestamp":"2025-08-04T00:46:39.720Z"}
{"level":"warn","message":"The waitForInitialization function was called without a timeout specified. In a future version a default timeout will be applied.","timestamp":"2025-08-04T00:46:39.788Z"}
{"level":"info","message":"Opened LaunchDarkly stream connection","timestamp":"2025-08-04T00:46:40.155Z"}
{"level":"info","message":"Server running on port 3001","timestamp":"2025-08-04T00:46:40.168Z"}
{"environment":"development","level":"info","message":"LaunchDarkly client initialized successfully","serviceVersion":"201358d0e221cace3593c28da1df8058f3de391e","timestamp":"2025-08-04T00:46:40.165Z"}
{"level":"info","message":"LaunchDarkly client initialized successfully","timestamp":"2025-08-04T00:46:40.168Z"}
{"level":"info","message":"Development proxy enabled - forwarding frontend requests to React dev server","timestamp":"2025-08-04T00:46:40.168Z"}
